[debug] [2023-07-20T18:28:59.605Z] ----------------------------------------------------------------------
[debug] [2023-07-20T18:28:59.607Z] Command:       /usr/local/bin/node /usr/local/bin/firebase init hosting
[debug] [2023-07-20T18:28:59.607Z] CLI Version:   12.4.5
[debug] [2023-07-20T18:28:59.607Z] Platform:      darwin
[debug] [2023-07-20T18:28:59.607Z] Node Version:  v20.1.0
[debug] [2023-07-20T18:28:59.607Z] Time:          Thu Jul 20 2023 21:28:59 GMT+0300 (Moscow Standard Time)
[debug] [2023-07-20T18:28:59.607Z] ----------------------------------------------------------------------
[debug] 
[debug] [2023-07-20T18:28:59.609Z] > command requires scopes: ["email","openid","https://www.googleapis.com/auth/cloudplatformprojects.readonly","https://www.googleapis.com/auth/firebase","https://www.googleapis.com/auth/cloud-platform"]
[debug] [2023-07-20T18:28:59.609Z] > authorizing via signed-in user (igorkarasick@gmail.com)
[info] 
     ######## #### ########  ######## ########     ###     ######  ########
     ##        ##  ##     ## ##       ##     ##  ##   ##  ##       ##
     ######    ##  ########  ######   ########  #########  ######  ######
     ##        ##  ##    ##  ##       ##     ## ##     ##       ## ##
     ##       #### ##     ## ######## ########  ##     ##  ######  ########

You're about to initialize a Firebase project in this directory:

  /Users/aleksejivanov/WebstormProjects/firebase-admin-panel

[info] 
=== Project Setup
[info] 
[info] First, let's associate this project directory with a Firebase project.
[info] You can create multiple project aliases by running firebase use --add, 
[info] but for now we'll just set up a default project.
[info] 
[debug] [2023-07-20T18:29:05.023Z] >>> [apiv2][query] GET https://firebase.googleapis.com/v1beta1/projects pageSize=100
[debug] [2023-07-20T18:29:05.692Z] <<< [apiv2][status] GET https://firebase.googleapis.com/v1beta1/projects 200
[debug] [2023-07-20T18:29:05.692Z] <<< [apiv2][body] GET https://firebase.googleapis.com/v1beta1/projects [omitted]
[info] i  Using project fake-admin-panel (fake-admin-panel) 
[info] 
=== Hosting Setup
[info] 
[info] i  Detected a .git folder at /Users/aleksejivanov/WebstormProjects/firebase-admin-panel 
[info] i  Authorizing with GitHub to upload your service account to a GitHub repository's secrets store. 
[info] 
[info] Visit this URL on this device to log in:
[info] https://github.com/login/oauth/authorize?client_id=89cf50f02ac6aaed3484&state=609649786&redirect_uri=http%3A%2F%2Flocalhost%3A9005&scope=read%3Auser%20repo%20public_repo
[info] 
[info] Waiting for authentication...
[debug] [2023-07-20T18:30:06.069Z] >>> [apiv2][query] POST https://github.com/login/oauth/access_token [none]
[debug] [2023-07-20T18:30:06.070Z] >>> [apiv2][body] POST https://github.com/login/oauth/access_token [stream]
[debug] [2023-07-20T18:30:06.415Z] <<< [apiv2][status] POST https://github.com/login/oauth/access_token 200
[debug] [2023-07-20T18:30:06.415Z] <<< [apiv2][body] POST https://github.com/login/oauth/access_token {"access_token":"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","token_type":"bearer","scope":"read:user,repo"}
[debug] [2023-07-20T18:30:06.427Z] >>> [apiv2][query] GET https://api.github.com/user [none]
[debug] [2023-07-20T18:30:07.014Z] <<< [apiv2][status] GET https://api.github.com/user 200
[debug] [2023-07-20T18:30:07.015Z] <<< [apiv2][body] GET https://api.github.com/user {"login":"IvanovAlekseiNikolaevich","id":82505138,"node_id":"MDQ6VXNlcjgyNTA1MTM4","avatar_url":"https://avatars.githubusercontent.com/u/82505138?v=4","gravatar_id":"","url":"https://api.github.com/users/IvanovAlekseiNikolaevich","html_url":"https://github.com/IvanovAlekseiNikolaevich","followers_url":"https://api.github.com/users/IvanovAlekseiNikolaevich/followers","following_url":"https://api.github.com/users/IvanovAlekseiNikolaevich/following{/other_user}","gists_url":"https://api.github.com/users/IvanovAlekseiNikolaevich/gists{/gist_id}","starred_url":"https://api.github.com/users/IvanovAlekseiNikolaevich/starred{/owner}{/repo}","subscriptions_url":"https://api.github.com/users/IvanovAlekseiNikolaevich/subscriptions","organizations_url":"https://api.github.com/users/IvanovAlekseiNikolaevich/orgs","repos_url":"https://api.github.com/users/IvanovAlekseiNikolaevich/repos","events_url":"https://api.github.com/users/IvanovAlekseiNikolaevich/events{/privacy}","received_events_url":"https://api.github.com/users/IvanovAlekseiNikolaevich/received_events","type":"User","site_admin":false,"name":null,"company":null,"blog":"","location":null,"email":null,"hireable":null,"bio":null,"twitter_username":null,"public_repos":8,"public_gists":0,"followers":0,"following":0,"created_at":"2021-04-14T09:05:22Z","updated_at":"2023-07-17T08:20:01Z","private_gists":0,"total_private_repos":5,"owned_private_repos":5,"disk_usage":8993,"collaborators":0,"two_factor_authentication":false,"plan":{"name":"free","space":976562499,"collaborators":0,"private_repos":10000}}
[info] 
[info] ✔  Success! Logged into GitHub as IvanovAlekseiNikolaevich 
[info] 
